Using pre-set license
Built from '2020.3/staging' branch; Version is '2020.3.0f1 (c7b5465681fb) revision 13088070'; Using compiler version '192528614'; Build Type 'Release'
OS: 'Windows 10 Pro; OS build 19042.928; Version 2009; 64bit' Language: 'en' Physical Memory: 32702 MB
BatchMode: 1, IsHumanControllingUs: 0, StartBugReporterOnCrash: 0, Is64bit: 1, IsPro: 0

 COMMAND LINE ARGUMENTS:
C:\Program Files\Unity\Hub\Editor\2020.3.0f1\Editor\Unity.exe
-adb2
-batchMode
-noUpm
-name
AssetImportWorker0
-projectPath
D:/Unity/UnityProjects/GenEvents
-logFile
Logs/AssetImportWorker0.log
-srvPort
55233
Successfully changed project path to: D:/Unity/UnityProjects/GenEvents
D:/Unity/UnityProjects/GenEvents
Using Asset Import Pipeline V2.
Refreshing native plugins compatible for Editor in 41.15 ms, found 1 plugins.
Preloading 0 native plugins for Editor in 0.00 ms.
Initialize engine version: 2020.3.0f1 (c7b5465681fb)
[Subsystems] Discovering subsystems at path C:/Program Files/Unity/Hub/Editor/2020.3.0f1/Editor/Data/Resources/UnitySubsystems
[Subsystems] Discovering subsystems at path D:/Unity/UnityProjects/GenEvents/Assets
GfxDevice: creating device client; threaded=0
Direct3D:
    Version:  Direct3D 11.0 [level 11.1]
    Renderer: NVIDIA GeForce RTX 2080 (ID=0x1e82)
    Vendor:   
    VRAM:     8010 MB
    Driver:   27.21.14.5751
Shader 'Universal Render Pipeline/Particles/Lit': fallback shader 'Universal Render Pipeline/Particles/SimpleLit' not found
Initialize mono
Mono path[0] = 'C:/Program Files/Unity/Hub/Editor/2020.3.0f1/Editor/Data/Managed'
Mono path[1] = 'C:/Program Files/Unity/Hub/Editor/2020.3.0f1/Editor/Data/MonoBleedingEdge/lib/mono/unityjit'
Mono config path = 'C:/Program Files/Unity/Hub/Editor/2020.3.0f1/Editor/Data/MonoBleedingEdge/etc'
Using monoOptions --debugger-agent=transport=dt_socket,embedding=1,server=y,suspend=n,address=127.0.0.1:56944
Begin MonoManager ReloadAssembly
Registering precompiled unity dll's ...
Register platform support module: C:/Program Files/Unity/Hub/Editor/2020.3.0f1/Editor/Data/PlaybackEngines/WindowsStandaloneSupport/UnityEditor.WindowsStandalone.Extensions.dll
Registered in 0.001423 seconds.
Native extension for WindowsStandalone target not found
Refreshing native plugins compatible for Editor in 41.11 ms, found 1 plugins.
Preloading 0 native plugins for Editor in 0.00 ms.
Invoked RoslynAnalysisRunner static constructor.
RoslynAnalysisRunner will not be running.
RoslynAnalysisRunner has terminated.
Mono: successfully reloaded assembly
- Completed reload, in  0.865 seconds
Platform modules already initialized, skipping
Registering precompiled user dll's ...
Registered in 0.001120 seconds.
Begin MonoManager ReloadAssembly
Native extension for WindowsStandalone target not found
Refreshing native plugins compatible for Editor in 43.53 ms, found 1 plugins.
Preloading 0 native plugins for Editor in 0.00 ms.
Invoked RoslynAnalysisRunner static constructor.
RoslynAnalysisRunner will not be running.
RoslynAnalysisRunner has terminated.
Mono: successfully reloaded assembly
- Completed reload, in  0.803 seconds
Platform modules already initialized, skipping
========================================================================
Worker process is ready to serve import requests
Shader 'Universal Render Pipeline/Particles/Lit': fallback shader 'Universal Render Pipeline/Particles/SimpleLit' not found
Launched and connected shader compiler UnityShaderCompiler.exe after 0.03 seconds
Refreshing native plugins compatible for Editor in 0.40 ms, found 1 plugins.
Preloading 0 native plugins for Editor in 0.00 ms.
Unloading 2975 Unused Serialized files (Serialized files now loaded: 0)
System memory in use before: 130.8 MB.
System memory in use after: 131.0 MB.

Unloading 21 unused Assets to reduce memory usage. Loaded Objects now: 3428.
Total: 1.789200 ms (FindLiveObjects: 0.236100 ms CreateObjectMapping: 0.114300 ms MarkObjects: 1.386800 ms  DeleteObjects: 0.051300 ms)

========================================================================
Received Import Request.
  path: Assets/Plugins/PanettoneGames/GenEvents/Scripts/HitPublisher.cs
  artifactKey: Guid(77fa9c33d51254e4c8616f89c548eb05) Importer(815301076,1909f56bfc062723c751e8b465ee728b)
Start importing Assets/Plugins/PanettoneGames/GenEvents/Scripts/HitPublisher.cs using Guid(77fa9c33d51254e4c8616f89c548eb05) Importer(815301076,1909f56bfc062723c751e8b465ee728b)  -> (artifact id: '1c3f52de89e59cd2ceafd78053432575') in 0.027160 seconds
  Import took 0.030701 seconds .

========================================================================
Received Import Request.
  Time since last request: 0.001217 seconds.
  path: Assets/Plugins/PanettoneGames/GenEvents
  artifactKey: Guid(66886ab1b81de8d4cbf1072779ae23fa) Importer(815301076,1909f56bfc062723c751e8b465ee728b)
Start importing Assets/Plugins/PanettoneGames/GenEvents using Guid(66886ab1b81de8d4cbf1072779ae23fa) Importer(815301076,1909f56bfc062723c751e8b465ee728b)  -> (artifact id: 'b75de0fa392b01b207a760dc12da4e7a') in 0.003332 seconds
  Import took 0.006587 seconds .

========================================================================
Received Import Request.
  Time since last request: 0.001406 seconds.
  path: Assets/Plugins/PanettoneGames/GenEvents/Scripts/Events/VoidEvent.cs
  artifactKey: Guid(4bf4ce86aede6fa48ab1cce2531e943c) Importer(815301076,1909f56bfc062723c751e8b465ee728b)
Start importing Assets/Plugins/PanettoneGames/GenEvents/Scripts/Events/VoidEvent.cs using Guid(4bf4ce86aede6fa48ab1cce2531e943c) Importer(815301076,1909f56bfc062723c751e8b465ee728b)  -> (artifact id: 'a6572de1b824f735c203d49354a410c0') in 0.003260 seconds
  Import took 0.006506 seconds .

========================================================================
Received Import Request.
  Time since last request: 0.001452 seconds.
  path: Assets/Plugins/PanettoneGames/GenEvents/Others/ElectroDing.ogg
  artifactKey: Guid(11bcbe0510c09d34aa6be1245eb6e784) Importer(815301076,1909f56bfc062723c751e8b465ee728b)
Start importing Assets/Plugins/PanettoneGames/GenEvents/Others/ElectroDing.ogg using Guid(11bcbe0510c09d34aa6be1245eb6e784) Importer(815301076,1909f56bfc062723c751e8b465ee728b)  -> (artifact id: 'a1c895e9e2c5448dc1fc21b9db5fdd14') in 0.072013 seconds
  Import took 0.075481 seconds .

========================================================================
Received Import Request.
  Time since last request: 0.001962 seconds.
  path: Assets/Plugins/PanettoneGames/GenEvents/Read Me - Gen Events.pdf
  artifactKey: Guid(0ecb6b10fad2beb41bd4619a4727b377) Importer(815301076,1909f56bfc062723c751e8b465ee728b)
Start importing Assets/Plugins/PanettoneGames/GenEvents/Read Me - Gen Events.pdf using Guid(0ecb6b10fad2beb41bd4619a4727b377) Importer(815301076,1909f56bfc062723c751e8b465ee728b)  -> (artifact id: 'ea7811bef92fcaed97beb42c448dda80') in 0.007059 seconds
  Import took 0.010597 seconds .

========================================================================
Received Import Request.
  Time since last request: 0.001412 seconds.
  path: Assets/Plugins/PanettoneGames/GenEvents/Others/UniversalRenderPipelineAsset.asset
  artifactKey: Guid(3754d766c2d285c41985ab9fab06a80e) Importer(815301076,1909f56bfc062723c751e8b465ee728b)
Start importing Assets/Plugins/PanettoneGames/GenEvents/Others/UniversalRenderPipelineAsset.asset using Guid(3754d766c2d285c41985ab9fab06a80e) Importer(815301076,1909f56bfc062723c751e8b465ee728b)  -> (artifact id: 'f0f355a151cd863609030e521f6e8f31') in 0.005237 seconds
  Import took 0.008655 seconds .

========================================================================
Received Import Request.
  Time since last request: 0.001160 seconds.
  path: Assets/Plugins/PanettoneGames
  artifactKey: Guid(65e882de6449fa34fbbbbb09e9a6cd25) Importer(815301076,1909f56bfc062723c751e8b465ee728b)
Start importing Assets/Plugins/PanettoneGames using Guid(65e882de6449fa34fbbbbb09e9a6cd25) Importer(815301076,1909f56bfc062723c751e8b465ee728b)  -> (artifact id: '5ba1d2bc69c459c438836de06e5ffa29') in 0.003217 seconds
  Import took 0.006443 seconds .

========================================================================
Received Import Request.
  Time since last request: 0.001376 seconds.
  path: Assets/Plugins/PanettoneGames/GenEvents/Others/Blue.controller
  artifactKey: Guid(8d0a0ff7c90281646b7c695156387d54) Importer(815301076,1909f56bfc062723c751e8b465ee728b)
Start importing Assets/Plugins/PanettoneGames/GenEvents/Others/Blue.controller using Guid(8d0a0ff7c90281646b7c695156387d54) Importer(815301076,1909f56bfc062723c751e8b465ee728b)  -> (artifact id: '275ebba0dcb2c8d6be9ba35f1522ef1f') in 0.008045 seconds
  Import took 0.012460 seconds .

========================================================================
Received Import Request.
  Time since last request: 0.001419 seconds.
  path: Assets/Plugins/PanettoneGames/GenEvents/Others/Red.controller
  artifactKey: Guid(64bd94cac32950149b8630ebaaf08d0d) Importer(815301076,1909f56bfc062723c751e8b465ee728b)
Start importing Assets/Plugins/PanettoneGames/GenEvents/Others/Red.controller using Guid(64bd94cac32950149b8630ebaaf08d0d) Importer(815301076,1909f56bfc062723c751e8b465ee728b)  -> (artifact id: '04961a0204f2f36be988396a285da389') in 0.003991 seconds
  Import took 0.007303 seconds .

========================================================================
Received Import Request.
  Time since last request: 0.001479 seconds.
  path: Assets/Plugins/PanettoneGames/GenEvents/Others/UniversalRenderPipelineAsset_Renderer.asset
  artifactKey: Guid(81c409fc690959140a0b0b38e09511d7) Importer(815301076,1909f56bfc062723c751e8b465ee728b)
Start importing Assets/Plugins/PanettoneGames/GenEvents/Others/UniversalRenderPipelineAsset_Renderer.asset using Guid(81c409fc690959140a0b0b38e09511d7) Importer(815301076,1909f56bfc062723c751e8b465ee728b)  -> (artifact id: '5637de77b8292a79edf5970d2d9e610a') in 0.004047 seconds
  Import took 0.007412 seconds .

========================================================================
Received Import Request.
  Time since last request: 0.001475 seconds.
  path: Assets/Plugins/PanettoneGames/GenEvents/Scripts/SFXManager.cs
  artifactKey: Guid(34b57f8557edfe14b828b2d01d890321) Importer(815301076,1909f56bfc062723c751e8b465ee728b)
Start importing Assets/Plugins/PanettoneGames/GenEvents/Scripts/SFXManager.cs using Guid(34b57f8557edfe14b828b2d01d890321) Importer(815301076,1909f56bfc062723c751e8b465ee728b)  -> (artifact id: '363479ba20811c98b2b51a1a2066f7b2') in 0.003460 seconds
  Import took 0.006847 seconds .

========================================================================
Received Import Request.
  Time since last request: 0.001458 seconds.
  path: Assets/Plugins/PanettoneGames/GenEvents/Others/box.anim
  artifactKey: Guid(109d36e1b1501da4da24b5e511e31f28) Importer(815301076,1909f56bfc062723c751e8b465ee728b)
Start importing Assets/Plugins/PanettoneGames/GenEvents/Others/box.anim using Guid(109d36e1b1501da4da24b5e511e31f28) Importer(815301076,1909f56bfc062723c751e8b465ee728b)  -> (artifact id: '7d53282e2fe1dbd0bfa1b9e157f97b5a') in 0.004907 seconds
  Import took 0.008259 seconds .

========================================================================
Received Import Request.
  Time since last request: 0.001369 seconds.
  path: Assets/Plugins/PanettoneGames/GenEvents/Scripts/CamRotation.cs
  artifactKey: Guid(27cbeb3f4d9388848a650aa6d3471b5c) Importer(815301076,1909f56bfc062723c751e8b465ee728b)
Start importing Assets/Plugins/PanettoneGames/GenEvents/Scripts/CamRotation.cs using Guid(27cbeb3f4d9388848a650aa6d3471b5c) Importer(815301076,1909f56bfc062723c751e8b465ee728b)  -> (artifact id: 'e5a1ab3684c955f8dbfa8fbdb976da1a') in 0.003281 seconds
  Import took 0.006589 seconds .

========================================================================
Received Import Request.
  Time since last request: 0.001420 seconds.
  path: Assets/Plugins/PanettoneGames/GenEvents/Scripts/Events/RingPassed GameObject Event.asset
  artifactKey: Guid(f58d59d6dff20ec45a94c0363a32bf73) Importer(815301076,1909f56bfc062723c751e8b465ee728b)
Start importing Assets/Plugins/PanettoneGames/GenEvents/Scripts/Events/RingPassed GameObject Event.asset using Guid(f58d59d6dff20ec45a94c0363a32bf73) Importer(815301076,1909f56bfc062723c751e8b465ee728b)  -> (artifact id: '01c69e1f6989e11cafaee617d1e25c0a') in 0.003583 seconds
  Import took 0.006980 seconds .

========================================================================
Received Import Request.
  Time since last request: 0.001243 seconds.
  path: Assets/Plugins/PanettoneGames/GenEvents/Scripts/CubeGrow.cs
  artifactKey: Guid(ca680f80117beac4f83230d037c0ad8b) Importer(815301076,1909f56bfc062723c751e8b465ee728b)
Start importing Assets/Plugins/PanettoneGames/GenEvents/Scripts/CubeGrow.cs using Guid(ca680f80117beac4f83230d037c0ad8b) Importer(815301076,1909f56bfc062723c751e8b465ee728b)  -> (artifact id: '30eae19aff91a79464ff396dc8f26be4') in 0.003180 seconds
  Import took 0.006369 seconds .

========================================================================
Received Import Request.
  Time since last request: 0.001311 seconds.
  path: Assets/Plugins/PanettoneGames/GenEvents/Scripts/Events/BaseEventsClasses/BaseGameEventListener.cs
  artifactKey: Guid(f423503e2f418df42a28426dc3721514) Importer(815301076,1909f56bfc062723c751e8b465ee728b)
Start importing Assets/Plugins/PanettoneGames/GenEvents/Scripts/Events/BaseEventsClasses/BaseGameEventListener.cs using Guid(f423503e2f418df42a28426dc3721514) Importer(815301076,1909f56bfc062723c751e8b465ee728b)  -> (artifact id: '44fdab990db16f86363dd5ac6366e1d7') in 0.003171 seconds
  Import took 0.006325 seconds .

========================================================================
Received Import Request.
  Time since last request: 0.000972 seconds.
  path: Assets/Plugins/PanettoneGames/GenEvents/GameEvents
  artifactKey: Guid(daf72051e756bed4bb53f3cf9d4cfd58) Importer(815301076,1909f56bfc062723c751e8b465ee728b)
Start importing Assets/Plugins/PanettoneGames/GenEvents/GameEvents using Guid(daf72051e756bed4bb53f3cf9d4cfd58) Importer(815301076,1909f56bfc062723c751e8b465ee728b)  -> (artifact id: '930198535fe3a72eaa37e1d4de653810') in 0.003401 seconds
  Import took 0.006575 seconds .

========================================================================
Received Import Request.
  Time since last request: 0.001316 seconds.
  path: Assets/Plugins/PanettoneGames/GenEvents/Others/Black.mat
  artifactKey: Guid(5b5cd229b7ef08e418872da252d19baf) Importer(815301076,1909f56bfc062723c751e8b465ee728b)
Start importing Assets/Plugins/PanettoneGames/GenEvents/Others/Black.mat using Guid(5b5cd229b7ef08e418872da252d19baf) Importer(815301076,1909f56bfc062723c751e8b465ee728b)  -> (artifact id: '756b50529f2ed5c30b401ea9444c89df') in 0.129217 seconds
  Import took 0.132720 seconds .

========================================================================
Received Import Request.
  Time since last request: 0.001531 seconds.
  path: Assets/Plugins/PanettoneGames/GenEvents/Demo/Global Volume Profile.asset
  artifactKey: Guid(d2c20499ddfec624fa0bb50d8c58a9a8) Importer(815301076,1909f56bfc062723c751e8b465ee728b)
Start importing Assets/Plugins/PanettoneGames/GenEvents/Demo/Global Volume Profile.asset using Guid(d2c20499ddfec624fa0bb50d8c58a9a8) Importer(815301076,1909f56bfc062723c751e8b465ee728b)  -> (artifact id: '6471f2196c2cd09bf30dffdb6bb10c98') in 0.006568 seconds
  Import took 0.010164 seconds .

========================================================================
Received Import Request.
  Time since last request: 0.001179 seconds.
  path: Assets/Plugins/PanettoneGames/GenEvents/Scripts
  artifactKey: Guid(a756ca28f39fb9849b8b27ed01048106) Importer(815301076,1909f56bfc062723c751e8b465ee728b)
Start importing Assets/Plugins/PanettoneGames/GenEvents/Scripts using Guid(a756ca28f39fb9849b8b27ed01048106) Importer(815301076,1909f56bfc062723c751e8b465ee728b)  -> (artifact id: '68f389104583ce5a9507dfcab0a8e9e7') in 0.003216 seconds
  Import took 0.006421 seconds .

========================================================================
Received Import Request.
  Time since last request: 0.001391 seconds.
  path: Assets/Plugins/PanettoneGames/GenEvents/Others/Sphere.mat
  artifactKey: Guid(d0113e6c117496249aa31150cf5f11d9) Importer(815301076,1909f56bfc062723c751e8b465ee728b)
Start importing Assets/Plugins/PanettoneGames/GenEvents/Others/Sphere.mat using Guid(d0113e6c117496249aa31150cf5f11d9) Importer(815301076,1909f56bfc062723c751e8b465ee728b)  -> (artifact id: '9e6974fd20aeed3989a5cc0de24f1715') in 0.008228 seconds
  Import took 0.011701 seconds .

========================================================================
Received Import Request.
  Time since last request: 0.001679 seconds.
  path: Assets/Plugins/PanettoneGames/GenEvents/Scripts/Events/GameObjectEvent.cs
  artifactKey: Guid(e182404e692ceb944b1ca408d1f8e287) Importer(815301076,1909f56bfc062723c751e8b465ee728b)
Start importing Assets/Plugins/PanettoneGames/GenEvents/Scripts/Events/GameObjectEvent.cs using Guid(e182404e692ceb944b1ca408d1f8e287) Importer(815301076,1909f56bfc062723c751e8b465ee728b)  -> (artifact id: 'dd292886e114fa4926deba39434294ce') in 0.003310 seconds
  Import took 0.006793 seconds .

========================================================================
Received Import Request.
  Time since last request: 0.001468 seconds.
  path: Assets/Plugins/PanettoneGames/GenEvents/Scripts/CubeParticles.cs
  artifactKey: Guid(78eb2a627ae490941bd2a7e371e917d8) Importer(815301076,1909f56bfc062723c751e8b465ee728b)
Start importing Assets/Plugins/PanettoneGames/GenEvents/Scripts/CubeParticles.cs using Guid(78eb2a627ae490941bd2a7e371e917d8) Importer(815301076,1909f56bfc062723c751e8b465ee728b)  -> (artifact id: 'c4213022a357584d9997f482447d3927') in 0.003224 seconds
  Import took 0.006404 seconds .

========================================================================
Received Import Request.
  Time since last request: 0.001700 seconds.
  path: Assets/Plugins/PanettoneGames/GenEvents/Scripts/ColorChanger.cs
  artifactKey: Guid(b12add3f9508a8049bc060fea1601465) Importer(815301076,1909f56bfc062723c751e8b465ee728b)
Start importing Assets/Plugins/PanettoneGames/GenEvents/Scripts/ColorChanger.cs using Guid(b12add3f9508a8049bc060fea1601465) Importer(815301076,1909f56bfc062723c751e8b465ee728b)  -> (artifact id: '120327e6af6e4a24b4307b6ca45db06f') in 0.003263 seconds
  Import took 0.006670 seconds .

========================================================================
Received Import Request.
  Time since last request: 0.001450 seconds.
  path: Assets/Plugins/PanettoneGames/GenEvents/Others/Cube.mat
  artifactKey: Guid(49e9877973793a141bc09d55f22795c4) Importer(815301076,1909f56bfc062723c751e8b465ee728b)
Start importing Assets/Plugins/PanettoneGames/GenEvents/Others/Cube.mat using Guid(49e9877973793a141bc09d55f22795c4) Importer(815301076,1909f56bfc062723c751e8b465ee728b)  -> (artifact id: '29d4762333e71ebefd932650c78e2637') in 0.008507 seconds
  Import took 0.011948 seconds .

========================================================================
Received Import Request.
  Time since last request: 0.001601 seconds.
  path: Assets/Plugins/PanettoneGames/GenEvents/Scripts/UIHitCounter.cs
  artifactKey: Guid(cf9f60fd8066fb0499bc49a0bebcbb76) Importer(815301076,1909f56bfc062723c751e8b465ee728b)
Start importing Assets/Plugins/PanettoneGames/GenEvents/Scripts/UIHitCounter.cs using Guid(cf9f60fd8066fb0499bc49a0bebcbb76) Importer(815301076,1909f56bfc062723c751e8b465ee728b)  -> (artifact id: '690f314ce1c04fd7104d4b347818383a') in 0.003175 seconds
  Import took 0.006518 seconds .

========================================================================
Received Import Request.
  Time since last request: 0.001578 seconds.
  path: Assets/Plugins/PanettoneGames/GenEvents/Others/Particles.prefab
  artifactKey: Guid(dcd15cb0b0f12954c943094249d363a0) Importer(815301076,1909f56bfc062723c751e8b465ee728b)
Start importing Assets/Plugins/PanettoneGames/GenEvents/Others/Particles.prefab using Guid(dcd15cb0b0f12954c943094249d363a0) Importer(815301076,1909f56bfc062723c751e8b465ee728b)  -> (artifact id: '1a40812696851e45149f776872f8d36c') in 0.011313 seconds
  Import took 0.014963 seconds .

========================================================================
Received Import Request.
  Time since last request: 0.001233 seconds.
  path: Assets/Plugins/PanettoneGames/GenEvents/Others
  artifactKey: Guid(a84b63f4edc793c45bb31ae6f7f8e4b6) Importer(815301076,1909f56bfc062723c751e8b465ee728b)
Start importing Assets/Plugins/PanettoneGames/GenEvents/Others using Guid(a84b63f4edc793c45bb31ae6f7f8e4b6) Importer(815301076,1909f56bfc062723c751e8b465ee728b)  -> (artifact id: '29253bf839f1176a1bdd74068b70c5f9') in 0.003358 seconds
  Import took 0.007052 seconds .

========================================================================
Received Import Request.
  Time since last request: 0.001118 seconds.
  path: Assets/Plugins/PanettoneGames/GenEvents/Scripts/Events/BaseEventsClasses
  artifactKey: Guid(b7af3b4f036ceb441a68fd91cd37f3e6) Importer(815301076,1909f56bfc062723c751e8b465ee728b)
Start importing Assets/Plugins/PanettoneGames/GenEvents/Scripts/Events/BaseEventsClasses using Guid(b7af3b4f036ceb441a68fd91cd37f3e6) Importer(815301076,1909f56bfc062723c751e8b465ee728b)  -> (artifact id: '4f2b3265fa7df7c757cd3b2254653cda') in 0.003350 seconds
  Import took 0.006869 seconds .

========================================================================
Received Import Request.
  Time since last request: 0.001438 seconds.
  path: Assets/Plugins/PanettoneGames/GenEvents/Scripts/Events/AllListeners.cs
  artifactKey: Guid(cbb1f981fad58dc48a47fe231468d7e2) Importer(815301076,1909f56bfc062723c751e8b465ee728b)
Start importing Assets/Plugins/PanettoneGames/GenEvents/Scripts/Events/AllListeners.cs using Guid(cbb1f981fad58dc48a47fe231468d7e2) Importer(815301076,1909f56bfc062723c751e8b465ee728b)  -> (artifact id: 'a461d09e48b9d7c1de16abc626b00d01') in 0.003192 seconds
  Import took 0.006608 seconds .

========================================================================
Received Import Request.
  Time since last request: 0.001160 seconds.
  path: Assets/Plugins/PanettoneGames/GenEvents/Scripts/Events
  artifactKey: Guid(21751bd82efad3b4e88fc938cad9fb55) Importer(815301076,1909f56bfc062723c751e8b465ee728b)
Start importing Assets/Plugins/PanettoneGames/GenEvents/Scripts/Events using Guid(21751bd82efad3b4e88fc938cad9fb55) Importer(815301076,1909f56bfc062723c751e8b465ee728b)  -> (artifact id: '2745fe09601455b43bb13d82edff3e0f') in 0.003177 seconds
  Import took 0.006358 seconds .

========================================================================
Received Import Request.
  Time since last request: 0.001414 seconds.
  path: Assets/Plugins/PanettoneGames/GenEvents/Scripts/Events/StringEvent.cs
  artifactKey: Guid(237282389e062364db883d9425e29fc6) Importer(815301076,1909f56bfc062723c751e8b465ee728b)
Start importing Assets/Plugins/PanettoneGames/GenEvents/Scripts/Events/StringEvent.cs using Guid(237282389e062364db883d9425e29fc6) Importer(815301076,1909f56bfc062723c751e8b465ee728b)  -> (artifact id: 'c9374d7fa216ce4ac0bd37b9d9b1ed4a') in 0.003203 seconds
  Import took 0.006684 seconds .

========================================================================
Received Import Request.
  Time since last request: 0.001223 seconds.
  path: Assets/Plugins/PanettoneGames/GenEvents/Demo
  artifactKey: Guid(226f441d44492d84188665d27409c723) Importer(815301076,1909f56bfc062723c751e8b465ee728b)
Start importing Assets/Plugins/PanettoneGames/GenEvents/Demo using Guid(226f441d44492d84188665d27409c723) Importer(815301076,1909f56bfc062723c751e8b465ee728b)  -> (artifact id: '8df3aecf3ef663b59007a5ccbe1621a9') in 0.003237 seconds
  Import took 0.006425 seconds .

========================================================================
Received Import Request.
  Time since last request: 0.001465 seconds.
  path: Assets/Plugins/PanettoneGames/GenEvents/Demo.unity
  artifactKey: Guid(2cda990e2423bbf4892e6590ba056729) Importer(815301076,1909f56bfc062723c751e8b465ee728b)
Start importing Assets/Plugins/PanettoneGames/GenEvents/Demo.unity using Guid(2cda990e2423bbf4892e6590ba056729) Importer(815301076,1909f56bfc062723c751e8b465ee728b)  -> (artifact id: 'd2cd4e44a50cd3247c6ac993591d01b7') in 0.003657 seconds
  Import took 0.006988 seconds .

========================================================================
Received Import Request.
  Time since last request: 0.001455 seconds.
  path: Assets/Plugins/PanettoneGames/GenEvents/Scripts/Events/IntEvent.cs
  artifactKey: Guid(86947b77d0723ba4a83d9d395a5f59b4) Importer(815301076,1909f56bfc062723c751e8b465ee728b)
Start importing Assets/Plugins/PanettoneGames/GenEvents/Scripts/Events/IntEvent.cs using Guid(86947b77d0723ba4a83d9d395a5f59b4) Importer(815301076,1909f56bfc062723c751e8b465ee728b)  -> (artifact id: '864fbcb4effd67d518f84d1fcb621796') in 0.003349 seconds
  Import took 0.006660 seconds .

========================================================================
Received Import Request.
  Time since last request: 0.001356 seconds.
  path: Assets/Plugins/PanettoneGames/GenEvents/Scripts/CamShake.cs
  artifactKey: Guid(957ea7df944d55f428b91ed12b0ebf0d) Importer(815301076,1909f56bfc062723c751e8b465ee728b)
Start importing Assets/Plugins/PanettoneGames/GenEvents/Scripts/CamShake.cs using Guid(957ea7df944d55f428b91ed12b0ebf0d) Importer(815301076,1909f56bfc062723c751e8b465ee728b)  -> (artifact id: '1e176218df65211a1c408314210e89cb') in 0.003293 seconds
  Import took 0.006591 seconds .

========================================================================
Received Import Request.
  Time since last request: 0.001457 seconds.
  path: Assets/Plugins/PanettoneGames/GenEvents/Scripts/Events/BaseEventsClasses/BaseGameEvent.cs
  artifactKey: Guid(926f3817ce62f154b9cc7148e337dcd0) Importer(815301076,1909f56bfc062723c751e8b465ee728b)
Start importing Assets/Plugins/PanettoneGames/GenEvents/Scripts/Events/BaseEventsClasses/BaseGameEvent.cs using Guid(926f3817ce62f154b9cc7148e337dcd0) Importer(815301076,1909f56bfc062723c751e8b465ee728b)  -> (artifact id: 'bfad468c20ab6e09f5c52e4f3e399c13') in 0.003148 seconds
  Import took 0.006463 seconds .

========================================================================
Received Import Request.
  Time since last request: 0.001624 seconds.
  path: Assets/Plugins/PanettoneGames/GenEvents/GameEvents/CrossCounter.asset
  artifactKey: Guid(c3cf65b8f56d87742b6f86cd8db6556c) Importer(815301076,1909f56bfc062723c751e8b465ee728b)
Start importing Assets/Plugins/PanettoneGames/GenEvents/GameEvents/CrossCounter.asset using Guid(c3cf65b8f56d87742b6f86cd8db6556c) Importer(815301076,1909f56bfc062723c751e8b465ee728b)  -> (artifact id: '72de437d98b2eaca19b242760c3bd668') in 0.004457 seconds
  Import took 0.008006 seconds .

AssetImportWorkerClient::OnTransportError - code=2 error=End of file
